\BOOKMARK [1][-]{section.1}{Introduction REPTAR}{}% 1
\BOOKMARK [2][-]{subsection.1.1}{Mise en place de l'environnement, utilisation de git}{section.1}% 2
\BOOKMARK [2][-]{subsection.1.2}{D\351marrage de Qemu}{section.1}% 3
\BOOKMARK [2][-]{subsection.1.3}{Tests avec U-boot}{section.1}% 4
\BOOKMARK [2][-]{subsection.1.4}{Tests avec Linux}{section.1}% 5
\BOOKMARK [2][-]{subsection.1.5}{Tests sur la plate-forme r\351elle}{section.1}% 6
\BOOKMARK [2][-]{subsection.1.6}{Acc\350s aux p\351riph\351riques REPTAR}{section.1}% 7
\BOOKMARK [1][-]{section.2}{\311mulation de p\351riph\351riques}{}% 8
\BOOKMARK [2][-]{subsection.2.1}{Environnement Qemu et machine Reptar}{section.2}% 9
\BOOKMARK [2][-]{subsection.2.2}{\311mulation de la FPGA Spartan6}{section.2}% 10
\BOOKMARK [2][-]{subsection.2.3}{\311mulation des devices de type LED \(output\)}{section.2}% 11
\BOOKMARK [2][-]{subsection.2.4}{\311mulation de type boutons \(input\)}{section.2}% 12
\BOOKMARK [2][-]{subsection.2.5}{Gestion des interruptions \(IRQ\) avec les boutons}{section.2}% 13
\BOOKMARK [2][-]{subsection.2.6}{\311mulation de l'afficheur 7 segments}{section.2}% 14
\BOOKMARK [2][-]{subsection.2.7}{Mini-application utilisant les boutons et l'afficheur 7 segments}{section.2}% 15
\BOOKMARK [1][-]{section.3}{Drivers}{}% 16
\BOOKMARK [2][-]{subsection.3.1}{Environnement Qemu et plate-forme Reptar }{section.3}% 17
\BOOKMARK [2][-]{subsection.3.2}{Driver de type caract\350re}{section.3}% 18
\BOOKMARK [2][-]{subsection.3.3}{Pilotage des LEDs }{section.3}% 19
\BOOKMARK [2][-]{subsection.3.4}{Pilotage des boutons}{section.3}% 20
